  glad.c
  cube.cpp
  glslprogram.cpp
  glutils.cpp
  objmesh.cpp
C:\Uni stuff\Year 3\comp 3015\Coursework\3015-CW1\Code\Cw1\helper\objmesh.cpp(188,41): warning C4267: '+=': conversion from 'size_t' to 'int', possible loss of data
C:\Uni stuff\Year 3\comp 3015\Coursework\3015-CW1\Code\Cw1\helper\objmesh.cpp(194,48): warning C4267: '+=': conversion from 'size_t' to 'int', possible loss of data
C:\Uni stuff\Year 3\comp 3015\Coursework\3015-CW1\Code\Cw1\helper\objmesh.cpp(198,43): warning C4267: '+=': conversion from 'size_t' to 'int', possible loss of data
  plane.cpp
  skybox.cpp
  stb_image.cpp
  teapot.cpp
  texture.cpp
  torus.cpp
  trianglemesh.cpp
  main.cpp
  scenebasic_uniform.cpp
C:\Uni stuff\Year 3\comp 3015\Coursework\3015-CW1\Code\Cw1\scenebasic_uniform.cpp(18,10): warning C4067: unexpected tokens following preprocessor directive - expected a newline
  Generating Code...
LINK : warning LNK4098: defaultlib 'MSVCRT' conflicts with use of other libs; use /NODEFAULTLIB:library
  Project_Template.vcxproj -> C:\Uni stuff\Year 3\comp 3015\Coursework\3015-CW1\Code\Cw1\x64\Debug\Project_Template.exe
