c:\uni stuff\year 3\comp 3015\coursework\3015-cw1\code redo\cw1\project_template\x64\debug\vc143.pdb
c:\uni stuff\year 3\comp 3015\coursework\3015-cw1\code redo\cw1\project_template\x64\debug\vc143.idb
c:\uni stuff\year 3\comp 3015\coursework\3015-cw1\code redo\cw1\project_template\x64\debug\glad.obj
c:\uni stuff\year 3\comp 3015\coursework\3015-cw1\code redo\cw1\project_template\x64\debug\scenebasic_uniform.obj
c:\uni stuff\year 3\comp 3015\coursework\3015-cw1\code redo\cw1\project_template\x64\debug\main.obj
c:\uni stuff\year 3\comp 3015\coursework\3015-cw1\code redo\cw1\project_template\x64\debug\trianglemesh.obj
c:\uni stuff\year 3\comp 3015\coursework\3015-cw1\code redo\cw1\project_template\x64\debug\torus.obj
c:\uni stuff\year 3\comp 3015\coursework\3015-cw1\code redo\cw1\project_template\x64\debug\texture.obj
c:\uni stuff\year 3\comp 3015\coursework\3015-cw1\code redo\cw1\project_template\x64\debug\teapot.obj
c:\uni stuff\year 3\comp 3015\coursework\3015-cw1\code redo\cw1\project_template\x64\debug\stb_image.obj
c:\uni stuff\year 3\comp 3015\coursework\3015-cw1\code redo\cw1\project_template\x64\debug\skybox.obj
c:\uni stuff\year 3\comp 3015\coursework\3015-cw1\code redo\cw1\project_template\x64\debug\plane.obj
c:\uni stuff\year 3\comp 3015\coursework\3015-cw1\code redo\cw1\project_template\x64\debug\objmesh.obj
c:\uni stuff\year 3\comp 3015\coursework\3015-cw1\code redo\cw1\project_template\x64\debug\glutils.obj
c:\uni stuff\year 3\comp 3015\coursework\3015-cw1\code redo\cw1\project_template\x64\debug\glslprogram.obj
c:\uni stuff\year 3\comp 3015\coursework\3015-cw1\code redo\cw1\project_template\x64\debug\cube.obj
c:\uni stuff\year 3\comp 3015\coursework\3015-cw1\code redo\cw1\x64\debug\project_template.exe
c:\uni stuff\year 3\comp 3015\coursework\3015-cw1\code redo\cw1\x64\debug\project_template.pdb
c:\uni stuff\year 3\comp 3015\coursework\3015-cw1\code redo\cw1\project_template\x64\debug\project_template.ilk
c:\uni stuff\year 3\comp 3015\coursework\3015-cw1\code redo\cw1\project_template\x64\debug\scenebasic_uniform.new.obj.enc
c:\uni stuff\year 3\comp 3015\coursework\3015-cw1\code redo\cw1\x64\debug\project_template.ilk
c:\uni stuff\year 3\comp 3015\coursework\3015-cw1\code redo\cw1\project_template\x64\debug\project_template.tlog\cl.command.1.tlog
c:\uni stuff\year 3\comp 3015\coursework\3015-cw1\code redo\cw1\project_template\x64\debug\project_template.tlog\cl.items.tlog
c:\uni stuff\year 3\comp 3015\coursework\3015-cw1\code redo\cw1\project_template\x64\debug\project_template.tlog\cl.read.1.tlog
c:\uni stuff\year 3\comp 3015\coursework\3015-cw1\code redo\cw1\project_template\x64\debug\project_template.tlog\cl.write.1.tlog
c:\uni stuff\year 3\comp 3015\coursework\3015-cw1\code redo\cw1\project_template\x64\debug\project_template.tlog\link.command.1.tlog
c:\uni stuff\year 3\comp 3015\coursework\3015-cw1\code redo\cw1\project_template\x64\debug\project_template.tlog\link.read.1.tlog
c:\uni stuff\year 3\comp 3015\coursework\3015-cw1\code redo\cw1\project_template\x64\debug\project_template.tlog\link.secondary.1.tlog
c:\uni stuff\year 3\comp 3015\coursework\3015-cw1\code redo\cw1\project_template\x64\debug\project_template.tlog\link.write.1.tlog
